PepperAndCarrotRunningGame/android/build/intermediates/manifest_merge_blame_file/debug/processDebugMainManifest/manifest-merger-blame-debug-report.txt
1<?xml version="1.0" encoding="utf-8"?>
2<manifest xmlns:android="http://schemas.android.com/apk/res/android"
3    package="com.peppercarrot.runninggame"
4    android:versionCode="1"
5    android:versionName="1.0" >
6
7    <uses-sdk
7-->PepperAndCarrotRunningGame\android\AndroidManifest.xml:7:5-73
8        android:minSdkVersion="8"
8-->PepperAndCarrotRunningGame\android\AndroidManifest.xml:7:15-40
9        android:targetSdkVersion="23" />
9-->PepperAndCarrotRunningGame\android\AndroidManifest.xml:7:41-70
10
11    <application
11-->PepperAndCarrotRunningGame\android\AndroidManifest.xml:9:5-24:19
12        android:allowBackup="true"
12-->PepperAndCarrotRunningGame\android\AndroidManifest.xml:10:9-35
13        android:debuggable="true"
14        android:extractNativeLibs="true"
15        android:icon="@drawable/ic_launcher"
15-->PepperAndCarrotRunningGame\android\AndroidManifest.xml:11:9-45
16        android:label="@string/app_name"
16-->PepperAndCarrotRunningGame\android\AndroidManifest.xml:12:9-41
17        android:theme="@style/GdxTheme" >
17-->PepperAndCarrotRunningGame\android\AndroidManifest.xml:13:9-40
18        <activity
18-->PepperAndCarrotRunningGame\android\AndroidManifest.xml:14:9-23:20
19            android:name="com.peppercarrot.runninggame.AndroidLauncher"
19-->PepperAndCarrotRunningGame\android\AndroidManifest.xml:15:13-72
20            android:configChanges="keyboard|keyboardHidden|orientation|screenSize"
20-->PepperAndCarrotRunningGame\android\AndroidManifest.xml:18:13-83
21            android:label="@string/app_name"
21-->PepperAndCarrotRunningGame\android\AndroidManifest.xml:16:13-45
22            android:screenOrientation="landscape" >
22-->PepperAndCarrotRunningGame\android\AndroidManifest.xml:17:13-50
23            <intent-filter>
23-->PepperAndCarrotRunningGame\android\AndroidManifest.xml:19:13-22:29
24                <action android:name="android.intent.action.MAIN" />
24-->PepperAndCarrotRunningGame\android\AndroidManifest.xml:20:17-69
24-->PepperAndCarrotRunningGame\android\AndroidManifest.xml:20:25-66
25
26                <category android:name="android.intent.category.LAUNCHER" />
26-->PepperAndCarrotRunningGame\android\AndroidManifest.xml:21:17-77
26-->PepperAndCarrotRunningGame\android\AndroidManifest.xml:21:27-74
27            </intent-filter>
28        </activity>
29    </application>
30
31</manifest>